<?xml version="1.0" encoding="UTF-8"?>
<!-- Generated by org.testng.reporters.JUnitReportReporter -->
<testsuite skipped="0" hostname="LAPTOP-SNG10N7O" name="Gittest.SendToGit" tests="1" failures="0" timestamp="07 Jan 2018 15:08:48 GMT" time="0.007" errors="0">
  <testcase name="f" time="0.007" classname="Gittest.SendToGit"/>
</testsuite> <!-- Gittest.SendToGit -->
